<?xml version="1.0" encoding="UTF-8"?>
<!-- Generated by org.testng.reporters.JUnitXMLReporter -->
<testsuite hostname="DESKTOP-GS8283A" ignored="1" name="Default test" tests="4" failures="0" timestamp="25 Apr 2019 00:12:08 GMT" time="0.052" errors="0">
  <testcase name="mobileLogoutCarLoan" time="0.007" classname="test.day3"/>
  <testcase name="webLoginCarLoan" time="0.002" classname="test.day3"/>
  <testcase name="mobileLoginCarLoan" time="0.001" classname="test.day3"/>
  <testcase name="APICarLoan" time="0.002" classname="test.day3"/>
  <testcase name="mobilesigninCarLoan" time="0.0" classname="test.day3">
    <ignored/>
  </testcase> <!-- mobilesigninCarLoan -->
</testsuite> <!-- Default test -->
