<?xml version="1.0" encoding="UTF-8"?>
<!-- Generated by org.testng.reporters.JUnitXMLReporter -->
<testsuite hostname="DESKTOP-GS8283A" ignored="2" name="Car Loan" tests="5" failures="0" timestamp="25 Apr 2019 02:07:20 GMT" time="0.084" errors="0">
  <testcase name="mobileLoginCarLoan" time="0.009" classname="test.day3"/>
  <testcase name="mobileLoginCarLoan" time="0.006" classname="test.day3"/>
  <testcase name="mobileLoginCarLoan" time="0.0" classname="test.day3"/>
  <testcase name="mobileLogoutCarLoan" time="0.001" classname="test.day3"/>
  <testcase name="webLoginCarLoan" time="0.003" classname="test.day3"/>
  <testcase name="mobilesigninCarLoan" time="0.0" classname="test.day3">
    <ignored/>
  </testcase> <!-- mobilesigninCarLoan -->
  <testcase name="APICarLoan" time="0.0" classname="test.day3">
    <ignored/>
  </testcase> <!-- APICarLoan -->
</testsuite> <!-- Car Loan -->
