<?xml version="1.0" encoding="UTF-8"?>
<!-- Generated by org.testng.reporters.JUnitXMLReporter -->
<testsuite hostname="DESKTOP-GS8283A" ignored="7" name="Regression" tests="4" failures="0" timestamp="24 Apr 2019 23:08:47 GMT" time="0.056" errors="0">
  <testcase name="Demo" time="0.01" classname="test.day1"/>
  <testcase name="pLoan" time="0.003" classname="test.day2"/>
  <testcase name="mobileLogoutCarLoan" time="0.0" classname="test.day3"/>
  <testcase name="mobileLoginHomeLoan" time="0.003" classname="test.day4"/>
  <testcase name="demo2" time="0.0" classname="test.day1">
    <ignored/>
  </testcase> <!-- demo2 -->
  <testcase name="mobilesigninCarLoan" time="0.0" classname="test.day3">
    <ignored/>
  </testcase> <!-- mobilesigninCarLoan -->
  <testcase name="APICarLoan" time="0.0" classname="test.day3">
    <ignored/>
  </testcase> <!-- APICarLoan -->
  <testcase name="loginAPIHomeLoan" time="0.0" classname="test.day4">
    <ignored/>
  </testcase> <!-- loginAPIHomeLoan -->
  <testcase name="mobileLoginCarLoan" time="0.0" classname="test.day3">
    <ignored/>
  </testcase> <!-- mobileLoginCarLoan -->
  <testcase name="webLoginHomeLoan" time="0.0" classname="test.day4">
    <ignored/>
  </testcase> <!-- webLoginHomeLoan -->
  <testcase name="webLoginCarLoan" time="0.0" classname="test.day3">
    <ignored/>
  </testcase> <!-- webLoginCarLoan -->
</testsuite> <!-- Regression -->
